\BOOKMARK [1][-]{section.1}{Functional and Non-Functional Requirements}{}% 1
\BOOKMARK [2][-]{subsection.1.1}{Functional Requirements}{section.1}% 2
\BOOKMARK [2][-]{subsection.1.2}{Non-Functional Requirements}{section.1}% 3
\BOOKMARK [2][-]{subsection.1.3}{Safety, Security and Reliability Requirements}{section.1}% 4
\BOOKMARK [3][-]{subsubsection.1.3.1}{Safety Requirements}{subsection.1.3}% 5
\BOOKMARK [3][-]{subsubsection.1.3.2}{Security Requirements}{subsection.1.3}% 6
\BOOKMARK [3][-]{subsubsection.1.3.3}{Reliability Requirements}{subsection.1.3}% 7
\BOOKMARK [1][-]{section.2}{Project Planning}{}% 8
\BOOKMARK [2][-]{subsection.2.1}{Project Estimation}{section.2}% 9
\BOOKMARK [3][-]{subsubsection.2.1.1}{Function Points}{subsection.2.1}% 10
\BOOKMARK [2][-]{subsection.2.2}{Group Organization}{section.2}% 11
\BOOKMARK [2][-]{subsection.2.3}{Responsibilities of the Team Members}{section.2}% 12
\BOOKMARK [2][-]{subsection.2.4}{Schedule}{section.2}% 13
\BOOKMARK [2][-]{subsection.2.5}{Project Risk Analysis}{section.2}% 14
\BOOKMARK [1][-]{section.3}{Design}{}% 15
\BOOKMARK [2][-]{subsection.3.1}{Use Case Diagram}{section.3}% 16
\BOOKMARK [2][-]{subsection.3.2}{Sequence Diagrams taken from the Use Cases}{section.3}% 17
\BOOKMARK [2][-]{subsection.3.3}{Architecture}{section.3}% 18
\BOOKMARK [2][-]{subsection.3.4}{Architecture Extended}{section.3}% 19
\BOOKMARK [2][-]{subsection.3.5}{Technologies, Libraries, IDEs, Tools}{section.3}% 20
\BOOKMARK [1][-]{section.4}{Measurement Chainprodspec}{}% 21
\BOOKMARK [2][-]{subsection.4.1}{Accelerometer}{section.4}% 22
\BOOKMARK [2][-]{subsection.4.2}{Gyroscope}{section.4}% 23
\BOOKMARK [1][-]{section.5}{Fall Detection Algorithm}{}% 24
\BOOKMARK [2][-]{subsection.5.1}{Configuration Storage}{section.5}% 25
\BOOKMARK [2][-]{subsection.5.2}{Main Thread and Work Logic}{section.5}% 26
\BOOKMARK [2][-]{subsection.5.3}{Accelerometer}{section.5}% 27
\BOOKMARK [2][-]{subsection.5.4}{Gyroscope}{section.5}% 28
\BOOKMARK [2][-]{subsection.5.5}{Problems}{section.5}% 29
\BOOKMARK [1][-]{section.6}{Development}{}% 30
\BOOKMARK [2][-]{subsection.6.1}{Sensortags}{section.6}% 31
\BOOKMARK [3][-]{subsubsection.6.1.1}{Problems with Sensortags}{subsection.6.1}% 32
\BOOKMARK [2][-]{subsection.6.2}{Desktop Application Development}{section.6}% 33
\BOOKMARK [3][-]{subsubsection.6.2.1}{Problem with Connecting 2 SensorTags to the Application}{subsection.6.2}% 34
\BOOKMARK [3][-]{subsubsection.6.2.2}{Deciding What to Send to the Launchpad}{subsection.6.2}% 35
\BOOKMARK [3][-]{subsubsection.6.2.3}{Fall Notification Service \(FNS\)}{subsection.6.2}% 36
\BOOKMARK [2][-]{subsection.6.3}{Graphical User Interface}{section.6}% 37
