\BOOKMARK [1][-]{section.1}{Project Plan}{}% 1
\BOOKMARK [2][-]{subsection.1.1}{Project Estimation}{section.1}% 2
\BOOKMARK [3][-]{subsubsection.1.1.1}{Function Points}{subsection.1.1}% 3
\BOOKMARK [3][-]{subsubsection.1.1.2}{Transactions}{subsection.1.1}% 4
\BOOKMARK [3][-]{subsubsection.1.1.3}{Internal Logical Files}{subsection.1.1}% 5
\BOOKMARK [3][-]{subsubsection.1.1.4}{Estimation of Effort}{subsection.1.1}% 6
\BOOKMARK [2][-]{subsection.1.2}{Project Organization}{section.1}% 7
\BOOKMARK [2][-]{subsection.1.3}{Responsibilities of the Team Members}{section.1}% 8
\BOOKMARK [2][-]{subsection.1.4}{Project Risk Analysis}{section.1}% 9
\BOOKMARK [2][-]{subsection.1.5}{Setup and Description of Development Environments}{section.1}% 10
\BOOKMARK [1][-]{section.2}{Functional and Non-Functional Requirements}{}% 11
\BOOKMARK [2][-]{subsection.2.1}{Functional Requirements}{section.2}% 12
\BOOKMARK [2][-]{subsection.2.2}{Non-Functional Requirements}{section.2}% 13
\BOOKMARK [1][-]{section.3}{Safety, Security and Reliability Requirements}{}% 14
\BOOKMARK [2][-]{subsection.3.1}{Safety Requirements}{section.3}% 15
\BOOKMARK [2][-]{subsection.3.2}{Security Requirements}{section.3}% 16
\BOOKMARK [2][-]{subsection.3.3}{Reliability Requirements}{section.3}% 17
\BOOKMARK [1][-]{section.4}{Component Diagram}{}% 18
\BOOKMARK [2][-]{subsection.4.1}{Introduction}{section.4}% 19
\BOOKMARK [2][-]{subsection.4.2}{Sensortags}{section.4}% 20
\BOOKMARK [2][-]{subsection.4.3}{PC\137Application}{section.4}% 21
\BOOKMARK [2][-]{subsection.4.4}{Interfaces}{section.4}% 22
\BOOKMARK [1][-]{section.5}{Use Case Diagram}{}% 23
\BOOKMARK [2][-]{subsection.5.1}{Sequence Diagrams}{section.5}% 24
\BOOKMARK [1][-]{section.6}{SensorTag Development}{}% 25
\BOOKMARK [2][-]{subsection.6.1}{Dead SensorTags}{section.6}% 26
\BOOKMARK [2][-]{subsection.6.2}{Desktop Application Development}{section.6}% 27
\BOOKMARK [1][-]{section.7}{Implementation of Math Model}{}% 28
\BOOKMARK [1][-]{section.8}{Gyroscope}{}% 29
\BOOKMARK [1][-]{section.9}{Machine Learning}{}% 30
\BOOKMARK [1][-]{section.10}{Graphical User Interface}{}% 31
\BOOKMARK [1][-]{section.11}{Research and analysis of the Multi\137Role Application}{}% 32
\BOOKMARK [2][-]{subsection.11.1}{Multi\137Role issues that prevent implementation}{section.11}% 33
\BOOKMARK [2][-]{subsection.11.2}{Comparing Multi\137Role to Host\137Test}{section.11}% 34
\BOOKMARK [2][-]{subsection.11.3}{TinyB}{section.11}% 35
\BOOKMARK [2][-]{subsection.11.4}{Kura}{section.11}% 36
\BOOKMARK [1][-]{section.12}{Desktop Application Development}{}% 37
\BOOKMARK [1][-]{section.13}{Implementation of Math Model}{}% 38
